<?xml version="1.0" encoding="UTF-8"?>
<testsuite xmlns:xsi="http://www.w3.org/2001/XMLSchema-instance" xsi:noNamespaceSchemaLocation="https://maven.apache.org/surefire/maven-surefire-plugin/xsd/surefire-test-report.xsd" name="ru.netology.stats.StatsServiceTest" time="0.038" tests="6" errors="0" skipped="0" failures="0">
  <properties>
[...]
</properties>
  <testcase name="shouldMonthMaxSales" classname="ru.netology.stats.StatsServiceTest" time="0.02"/>
  <testcase name="shouldAvg" classname="ru.netology.stats.StatsServiceTest" time="0"/>
  <testcase name="shouldCalculateSum" classname="ru.netology.stats.StatsServiceTest" time="0.001"/>
  <testcase name="shouldMaxSales" classname="ru.netology.stats.StatsServiceTest" time="0.001"/>
  <testcase name="shouldMonthMinSales" classname="ru.netology.stats.StatsServiceTest" time="0.001"/>
  <testcase name="shouldMinSales" classname="ru.netology.stats.StatsServiceTest" time="0.001"/>
</testsuite>