<?xml version="1.0" encoding="UTF-8"?>
<testsuite xmlns:xsi="http://www.w3.org/2001/XMLSchema-instance" xsi:noNamespaceSchemaLocation="https://maven.apache.org/surefire/maven-surefire-plugin/xsd/surefire-test-report.xsd" name="ru.netology.sqr.SQRServiceTest" time="0.072" tests="3" errors="0" skipped="0" failures="3">
  <properties>
[...]
</properties>
  <testcase name="shouldSqrNum1" classname="ru.netology.sqr.SQRServiceTest" time="0.044">
    <failure message="expected: &lt;16&gt; but was: &lt;10&gt;" type="org.opentest4j.AssertionFailedError"><![CDATA[org.opentest4j.AssertionFailedError: expected: <16> but was: <10>
	at ru.netology.sqr.SQRServiceTest.shouldSqrNum1(SQRServiceTest.java:25)
]]></failure>
    <system-out><![CDATA[10
]]></system-out>
  </testcase>
  <testcase name="shouldSqrNum2" classname="ru.netology.sqr.SQRServiceTest" time="0.002">
    <failure message="expected: &lt;17&gt; but was: &lt;10&gt;" type="org.opentest4j.AssertionFailedError"><![CDATA[org.opentest4j.AssertionFailedError: expected: <17> but was: <10>
	at ru.netology.sqr.SQRServiceTest.shouldSqrNum2(SQRServiceTest.java:35)
]]></failure>
    <system-out><![CDATA[10
]]></system-out>
  </testcase>
  <testcase name="shouldSqrNum" classname="ru.netology.sqr.SQRServiceTest" time="0.012">
    <failure message="expected: &lt;15&gt; but was: &lt;10&gt;" type="org.opentest4j.AssertionFailedError"><![CDATA[org.opentest4j.AssertionFailedError: expected: <15> but was: <10>
	at ru.netology.sqr.SQRServiceTest.shouldSqrNum(SQRServiceTest.java:16)
]]></failure>
    <system-out><![CDATA[10
]]></system-out>
  </testcase>
</testsuite>